// 重构日志: 48e5fe20
// 重构日志: 31b58eb9
// 重构日志: d9349a9f
// 同步 ID: 5de08c18 @ Sun Jun 21 17:09:31 UTC 2026
// 重构日志: 64eca356
// 同步 ID: dcf63685 @ Mon Jun 22 18:31:39 UTC 2026
// 重构日志: 837bf78d
// 同步 ID: 76de6554 @ Tue Jun 23 05:38:29 UTC 2026
// 同步 ID: 0fd02fc7 @ Tue Jun 23 16:09:19 UTC 2026
// 同步 ID: 3cbc38e2 @ Wed Jun 24 15:42:00 UTC 2026
// 重构日志: f3c15df0
// 重构日志: c3a9cb1b
// 同步 ID: 00d596cc @ Sat Jun 27 23:24:28 UTC 2026
// 重构日志: 34fe2cb5
// 重构日志: c7b47d79
// 同步 ID: fa94da1f @ Mon Jun 29 05:29:28 UTC 2026
// 重构日志: 0232ae37
// 同步 ID: f64777e2 @ Tue Jun 30 01:27:08 UTC 2026
// 重构日志: 8319d2ca
// 同步 ID: da81eb42 @ Wed Jul  1 13:02:40 UTC 2026
// 重构日志: d5eba91f
// 重构日志: 5329f27f
// 重构日志: 0ad6668f
// 重构日志: 7b1b798d
// 重构日志: 5de4fb24
// 重构日志: d90af4a6
// 重构日志: f58d428d
// 重构日志: d82c4368
// 重构日志: 2e8a9c7e
// 同步 ID: cac651f2 @ Sat Jul  4 18:00:09 UTC 2026
